<?xml version="1.0" encoding="UTF-8"?>
<testng-results ignored="0" total="1" passed="1" failed="0" skipped="0">
  <reporter-output>
    <line>
      <![CDATA[===============================================]]>
    </line>
    <line>
      <![CDATA[Finalizando o WEB DRIVER...]]>
    </line>
    <line>
      <![CDATA[===============================================]]>
    </line>
  </reporter-output>
  <suite started-at="2022-06-21T18:48:19 BRT" name="Default suite" finished-at="2022-06-21T18:48:31 BRT" duration-ms="12223">
    <groups>
    </groups>
    <test started-at="2022-06-21T18:48:19 BRT" name="Default test" finished-at="2022-06-21T18:48:31 BRT" duration-ms="12223">
      <class name="teste.web.regressivo.cadastrarUsuario.CT0011">
        <test-method is-config="true" signature="criarCasoTesteWeb()[pri:0, instance:teste.web.regressivo.cadastrarUsuario.CT0011@6dab9b6d]" started-at="2022-06-21T18:48:19 BRT" name="criarCasoTesteWeb" finished-at="2022-06-21T18:48:19 BRT" duration-ms="13" status="PASS">
          <reporter-output>
          </reporter-output>
        </test-method> <!-- criarCasoTesteWeb -->
        <test-method is-config="true" signature="getNomeSuiteWeb(org.testng.ITestContext)[pri:0, instance:teste.web.regressivo.cadastrarUsuario.CT0011@6dab9b6d]" started-at="2022-06-21T18:48:19 BRT" name="getNomeSuiteWeb" finished-at="2022-06-21T18:48:19 BRT" duration-ms="4" status="PASS">
          <params>
            <param index="0">
              <value>
                <![CDATA[org.testng.TestRunner@45bf6f39]]>
              </value>
            </param>
          </params>
          <reporter-output>
          </reporter-output>
        </test-method> <!-- getNomeSuiteWeb -->
        <test-method is-config="true" signature="Initialize()[pri:0, instance:teste.web.regressivo.cadastrarUsuario.CT0011@6dab9b6d]" started-at="2022-06-21T18:48:19 BRT" name="Initialize" finished-at="2022-06-21T18:48:27 BRT" duration-ms="8606" status="PASS">
          <reporter-output>
          </reporter-output>
        </test-method> <!-- Initialize -->
        <test-method is-config="true" signature="criarCasoTesteWeb()[pri:0, instance:teste.web.regressivo.cadastrarUsuario.CT0011@6dab9b6d]" started-at="2022-06-21T18:48:27 BRT" name="criarCasoTesteWeb" finished-at="2022-06-21T18:48:27 BRT" duration-ms="1" status="PASS">
          <reporter-output>
          </reporter-output>
        </test-method> <!-- criarCasoTesteWeb -->
        <test-method is-config="true" signature="carregaMassaDadosMobile()[pri:0, instance:teste.web.regressivo.cadastrarUsuario.CT0011@6dab9b6d]" started-at="2022-06-21T18:48:27 BRT" name="carregaMassaDadosMobile" finished-at="2022-06-21T18:48:27 BRT" duration-ms="14" status="PASS">
          <reporter-output>
          </reporter-output>
        </test-method> <!-- carregaMassaDadosMobile -->
        <test-method signature="CT00011()[pri:0, instance:teste.web.regressivo.cadastrarUsuario.CT0011@6dab9b6d]" started-at="2022-06-21T18:48:28 BRT" name="CT00011" description="REG.CADAS.11 - Cadastrar Usuário no Sistema \&quot;advantage\&quot;.&quot;" finished-at="2022-06-21T18:48:31 BRT" duration-ms="3389" status="PASS">
          <reporter-output>
          </reporter-output>
        </test-method> <!-- CT00011 -->
        <test-method is-config="true" signature="tearDownWeb()[pri:0, instance:teste.web.regressivo.cadastrarUsuario.CT0011@6dab9b6d]" started-at="2022-06-21T18:48:31 BRT" name="tearDownWeb" finished-at="2022-06-21T18:48:31 BRT" duration-ms="111" status="PASS">
          <reporter-output>
            <line>
              <![CDATA[===============================================]]>
            </line>
            <line>
              <![CDATA[Finalizando o WEB DRIVER...]]>
            </line>
            <line>
              <![CDATA[===============================================]]>
            </line>
          </reporter-output>
        </test-method> <!-- tearDownWeb -->
      </class> <!-- teste.web.regressivo.cadastrarUsuario.CT0011 -->
    </test> <!-- Default test -->
  </suite> <!-- Default suite -->
</testng-results>
