<?xml version="1.0" encoding="UTF-8"?>
<!-- Generated by org.testng.reporters.JUnitXMLReporter -->
<testsuite hostname="DESKTOP-7D3TAMJ" ignored="0" name="Valida Usuario Cadastrado CT0011" tests="1" failures="1" timestamp="2021-01-01T22:04:40 BRT" time="40.864" errors="0">
  <testcase name="CT00011" time="19.767" classname="teste.web.regressivo.cadastrarUsuario.CT0011">
    <failure type="java.lang.AssertionError" message="expected [] but found [rateduardo]">
      <![CDATA[java.lang.AssertionError: expected [] but found [rateduardo]
at funcionalidade.web.menu.MenuFunc.validarUsuarioCadastrado(MenuFunc.java:47)
at teste.web.regressivo.cadastrarUsuario.CT0011.CT00011(CT0011.java:47)
at java.util.ArrayList.forEach(Unknown Source)
... Removed 33 stack frames]]>
    </failure>
  </testcase> <!-- CT00011 -->
</testsuite> <!-- Valida Usuario Cadastrado CT0011 -->
