<?xml version="1.0" encoding="UTF-8"?>
<!-- Generated by org.testng.reporters.JUnitXMLReporter -->
<testsuite hostname="DESKTOP-7D3TAMJ" ignored="12" name="Valida Usuário Cadastrado" tests="5" failures="0" timestamp="2020-09-15T14:22:40 BRT" time="213.513" errors="0">
  <testcase name="CT00011" time="25.083" classname="teste.web.regressivo.cadastrarUsuario.CT0011"/>
  <testcase name="CT00012" time="27.125" classname="teste.web.regressivo.cadastrarUsuario.CT0012"/>
  <testcase name="CT00013" time="29.492" classname="teste.web.regressivo.cadastrarUsuario.CT0013"/>
  <testcase name="CT00014" time="30.001" classname="teste.web.regressivo.cadastrarUsuario.CT0014"/>
  <testcase name="CT00015" time="30.129" classname="teste.web.regressivo.cadastrarUsuario.CT0015"/>
  <testcase name="@BeforeSuite getNomeSuiteWeb" time="0.0" classname="com.edsoft.framework.base.web.TestInitializeWeb">
    <ignored/>
  </testcase> <!-- @BeforeSuite getNomeSuiteWeb -->
  <testcase name="@BeforeSuite getNomeSuiteWeb" time="0.0" classname="com.edsoft.framework.base.web.TestInitializeWeb">
    <ignored/>
  </testcase> <!-- @BeforeSuite getNomeSuiteWeb -->
  <testcase name="@BeforeSuite getNomeSuiteWeb" time="0.0" classname="com.edsoft.framework.base.web.TestInitializeWeb">
    <ignored/>
  </testcase> <!-- @BeforeSuite getNomeSuiteWeb -->
  <testcase name="@BeforeSuite getNomeSuiteWeb" time="0.0" classname="com.edsoft.framework.base.web.TestInitializeWeb">
    <ignored/>
  </testcase> <!-- @BeforeSuite getNomeSuiteWeb -->
  <testcase name="@AfterTest tearDownWeb" time="0.0" classname="com.edsoft.framework.base.web.TestInitializeWeb">
    <ignored/>
  </testcase> <!-- @AfterTest tearDownWeb -->
  <testcase name="@AfterTest tearDownWeb" time="0.0" classname="com.edsoft.framework.base.web.TestInitializeWeb">
    <ignored/>
  </testcase> <!-- @AfterTest tearDownWeb -->
  <testcase name="@AfterTest tearDownWeb" time="0.0" classname="com.edsoft.framework.base.web.TestInitializeWeb">
    <ignored/>
  </testcase> <!-- @AfterTest tearDownWeb -->
  <testcase name="@AfterTest tearDownWeb" time="0.0" classname="com.edsoft.framework.base.web.TestInitializeWeb">
    <ignored/>
  </testcase> <!-- @AfterTest tearDownWeb -->
  <testcase name="@BeforeSuite criarCasoTesteWeb" time="0.0" classname="com.edsoft.framework.base.web.TestInitializeWeb">
    <ignored/>
  </testcase> <!-- @BeforeSuite criarCasoTesteWeb -->
  <testcase name="@BeforeSuite criarCasoTesteWeb" time="0.0" classname="com.edsoft.framework.base.web.TestInitializeWeb">
    <ignored/>
  </testcase> <!-- @BeforeSuite criarCasoTesteWeb -->
  <testcase name="@BeforeSuite criarCasoTesteWeb" time="0.0" classname="com.edsoft.framework.base.web.TestInitializeWeb">
    <ignored/>
  </testcase> <!-- @BeforeSuite criarCasoTesteWeb -->
  <testcase name="@BeforeSuite criarCasoTesteWeb" time="0.0" classname="com.edsoft.framework.base.web.TestInitializeWeb">
    <ignored/>
  </testcase> <!-- @BeforeSuite criarCasoTesteWeb -->
</testsuite> <!-- Valida Usuário Cadastrado -->
