<?xml version="1.0" encoding="UTF-8"?>
<!-- Generated by org.testng.reporters.JUnitReportReporter -->
<testsuite skipped="0" hostname="DESKTOP-7D3TAMJ" name="teste.web.regressivo.cadastrarUsuario.CT0013" tests="1" failures="0" timestamp="2020-11-10T12:31:23 BRT" time="19.431" errors="0">
  <testcase name="CT00013" time="19.431" classname="teste.web.regressivo.cadastrarUsuario.CT0013"/>
  <system-out>
Iniciado: CT00013 =============================================== [PASSO] clicar no login [PASSO] Preemcher os campos details [PASSO] Preemcher os campos Personal [PASSO] Preencher os campos Address [PASSO] Usuário cadastrado CT00013 executado com sucesso! ===============================================
  </system-out>
</testsuite> <!-- teste.web.regressivo.cadastrarUsuario.CT0013 -->
